[0m09:53:17.923243 [debug] [MainThread]: Sending event: {'category': 'dbt', 'action': 'invocation', 'label': 'start', 'context': [<snowplow_tracker.self_describing_json.SelfDescribingJson object at 0x7fb4bc665550>, <snowplow_tracker.self_describing_json.SelfDescribingJson object at 0x7fb4bacdbd30>, <snowplow_tracker.self_describing_json.SelfDescribingJson object at 0x7fb4bb967400>]}


============================== 09:53:17.928362 | 43a7ac83-1909-4f2f-96ac-d835747a023f ==============================
[0m09:53:17.928362 [info ] [MainThread]: Running with dbt=1.8.7
[0m09:53:17.929774 [debug] [MainThread]: running dbt with arguments {'printer_width': '80', 'indirect_selection': 'eager', 'write_json': 'True', 'log_cache_events': 'False', 'partial_parse': 'True', 'cache_selected_only': 'False', 'profiles_dir': '/home/ubuntu/.dbt', 'debug': 'False', 'version_check': 'True', 'log_path': 'logs', 'fail_fast': 'False', 'warn_error': 'None', 'use_colors': 'True', 'use_experimental_parser': 'False', 'empty': 'None', 'quiet': 'False', 'no_print': 'None', 'log_format': 'default', 'invocation_command': 'dbt init demo_dbt', 'warn_error_options': 'WarnErrorOptions(include=[], exclude=[])', 'introspect': 'True', 'target_path': 'None', 'static_parser': 'True', 'send_anonymous_usage_stats': 'True'}
[0m09:53:17.943699 [warn ] [MainThread]: [ConfigFolderDirectory]: Unable to parse logging event dictionary. Failed to parse dir field: expected string or bytes-like object.. Dictionary: {'dir': PosixPath('/home/ubuntu/.dbt')}
[0m09:53:17.944553 [info ] [MainThread]: Creating dbt configuration folder at 
[0m09:53:17.947217 [debug] [MainThread]: Starter project path: /home/ubuntu/.venv/lib/python3.8/site-packages/dbt/include/starter_project
[0m09:53:17.951857 [info ] [MainThread]: 
Your new dbt project "demo_dbt" was created!

For more information on how to configure the profiles.yml file,
please consult the dbt documentation here:

  https://docs.getdbt.com/docs/configure-your-profile

One more thing:

Need help? Don't hesitate to reach out to us via GitHub issues or on Slack:

  https://community.getdbt.com/

Happy modeling!

[0m09:53:17.952850 [info ] [MainThread]: Setting up your profile.
[0m09:58:47.255002 [info ] [MainThread]: Profile demo_dbt written to /home/ubuntu/.dbt/profiles.yml using target's profile_template.yml and your supplied values. Run 'dbt debug' to validate the connection.
[0m09:58:47.258047 [debug] [MainThread]: Resource report: {"command_name": "init", "command_success": true, "command_wall_clock_time": 329.442, "process_user_time": 2.889348, "process_kernel_time": 0.303355, "process_mem_max_rss": "176668", "process_in_blocks": "104", "process_out_blocks": "80"}
[0m09:58:47.259162 [debug] [MainThread]: Command `dbt init` succeeded at 09:58:47.258835 after 329.44 seconds
[0m09:58:47.260125 [debug] [MainThread]: Sending event: {'category': 'dbt', 'action': 'invocation', 'label': 'end', 'context': [<snowplow_tracker.self_describing_json.SelfDescribingJson object at 0x7fb4bc665550>, <snowplow_tracker.self_describing_json.SelfDescribingJson object at 0x7fb4bd1778e0>, <snowplow_tracker.self_describing_json.SelfDescribingJson object at 0x7fb4bb8de9d0>]}
[0m09:58:47.260859 [debug] [MainThread]: Flushing usage events
